<?xml version="1.0" encoding="UTF-8"?>
<testng-results ignored="0" total="1" passed="1" failed="0" skipped="0">
  <reporter-output>
  </reporter-output>
  <suite started-at="2025-05-04T18:08:33 IST" name="Surefire suite" finished-at="2025-05-04T18:08:33 IST" duration-ms="80">
    <groups>
    </groups>
    <test started-at="2025-05-04T18:08:33 IST" name="Surefire test" finished-at="2025-05-04T18:08:33 IST" duration-ms="80">
      <class name="testng.TestCases1">
        <test-method signature="test1()[pri:0, instance:testng.TestCases1@7a52f2a2]" started-at="2025-05-04T18:08:33 IST" name="test1" finished-at="2025-05-04T18:08:33 IST" duration-ms="8" status="PASS">
          <reporter-output>
          </reporter-output>
        </test-method> <!-- test1 -->
      </class> <!-- testng.TestCases1 -->
    </test> <!-- Surefire test -->
  </suite> <!-- Surefire suite -->
</testng-results>
