<?xml version="1.0" encoding="UTF-8"?>
<testng-results ignored="0" total="1" passed="1" failed="0" skipped="0">
  <reporter-output>
  </reporter-output>
  <suite started-at="2025-05-04T17:54:45 IST" name="Default Suite" finished-at="2025-05-04T17:54:45 IST" duration-ms="98">
    <groups>
    </groups>
    <test started-at="2025-05-04T17:54:45 IST" name="TestNgDemo_Maven" finished-at="2025-05-04T17:54:45 IST" duration-ms="98">
      <class name="testng.TestCases1">
        <test-method signature="test1()[pri:0, instance:testng.TestCases1@68999068]" started-at="2025-05-04T17:54:45 IST" name="test1" finished-at="2025-05-04T17:54:45 IST" duration-ms="11" status="PASS">
          <reporter-output>
          </reporter-output>
        </test-method> <!-- test1 -->
      </class> <!-- testng.TestCases1 -->
    </test> <!-- TestNgDemo_Maven -->
  </suite> <!-- Default Suite -->
</testng-results>
